2021-05-26 11:38:42  WARN 5500 --- [restartedMain] c.b.m.core.metadata.TableInfoHelper      : Can not find table primary key in Class: "com.example.demo.framework.media.entity.UserFileDO".
2021-05-26 11:40:01 ERROR 5500 --- [http-nio-8000-exec-1] o.a.c.c.C.[.[.[/].[dispatcherServlet]    : Servlet.service() for servlet [dispatcherServlet] in context with path [] threw exception [Request processing failed; nested exception is com.auth0.jwt.exceptions.TokenExpiredException: The Token has expired on Wed May 26 10:40:02 CST 2021.] with root cause

com.auth0.jwt.exceptions.TokenExpiredException: The Token has expired on Wed May 26 10:40:02 CST 2021.
	at com.auth0.jwt.JWTVerifier.assertDateIsFuture(JWTVerifier.java:420) ~[java-jwt-3.16.0.jar:3.16.0]
	at com.auth0.jwt.JWTVerifier.assertValidDateClaim(JWTVerifier.java:411) ~[java-jwt-3.16.0.jar:3.16.0]
	at com.auth0.jwt.JWTVerifier.verifyClaimValues(JWTVerifier.java:331) ~[java-jwt-3.16.0.jar:3.16.0]
	at com.auth0.jwt.JWTVerifier.verifyClaims(JWTVerifier.java:315) ~[java-jwt-3.16.0.jar:3.16.0]
	at com.auth0.jwt.JWTVerifier.verify(JWTVerifier.java:300) ~[java-jwt-3.16.0.jar:3.16.0]
	at com.example.demo.framework.jwt.contract.impl.SampleJWT.decode(SampleJWT.java:53) ~[classes/:na]
	at com.example.demo.modules.processors.UserOperation.getUserIdByJwt(UserOperation.java:58) ~[classes/:na]
	at com.example.demo.modules.controller.UserController.showFiles(UserController.java:150) ~[classes/:na]
	at java.base/jdk.internal.reflect.NativeMethodAccessorImpl.invoke0(Native Method) ~[na:na]
	at java.base/jdk.internal.reflect.NativeMethodAccessorImpl.invoke(NativeMethodAccessorImpl.java:62) ~[na:na]
	at java.base/jdk.internal.reflect.DelegatingMethodAccessorImpl.invoke(DelegatingMethodAccessorImpl.java:43) ~[na:na]
	at java.base/java.lang.reflect.Method.invoke(Method.java:566) ~[na:na]
	at org.springframework.web.method.support.InvocableHandlerMethod.doInvoke(InvocableHandlerMethod.java:197) ~[spring-web-5.3.6.jar:5.3.6]
	at org.springframework.web.method.support.InvocableHandlerMethod.invokeForRequest(InvocableHandlerMethod.java:141) ~[spring-web-5.3.6.jar:5.3.6]
	at org.springframework.web.servlet.mvc.method.annotation.ServletInvocableHandlerMethod.invokeAndHandle(ServletInvocableHandlerMethod.java:106) ~[spring-webmvc-5.3.6.jar:5.3.6]
	at org.springframework.web.servlet.mvc.method.annotation.RequestMappingHandlerAdapter.invokeHandlerMethod(RequestMappingHandlerAdapter.java:894) ~[spring-webmvc-5.3.6.jar:5.3.6]
	at org.springframework.web.servlet.mvc.method.annotation.RequestMappingHandlerAdapter.handleInternal(RequestMappingHandlerAdapter.java:808) ~[spring-webmvc-5.3.6.jar:5.3.6]
	at org.springframework.web.servlet.mvc.method.AbstractHandlerMethodAdapter.handle(AbstractHandlerMethodAdapter.java:87) ~[spring-webmvc-5.3.6.jar:5.3.6]
	at org.springframework.web.servlet.DispatcherServlet.doDispatch(DispatcherServlet.java:1060) ~[spring-webmvc-5.3.6.jar:5.3.6]
	at org.springframework.web.servlet.DispatcherServlet.doService(DispatcherServlet.java:962) ~[spring-webmvc-5.3.6.jar:5.3.6]
	at org.springframework.web.servlet.FrameworkServlet.processRequest(FrameworkServlet.java:1006) ~[spring-webmvc-5.3.6.jar:5.3.6]
	at org.springframework.web.servlet.FrameworkServlet.doGet(FrameworkServlet.java:898) ~[spring-webmvc-5.3.6.jar:5.3.6]
	at javax.servlet.http.HttpServlet.service(HttpServlet.java:626) ~[tomcat-embed-core-9.0.45.jar:4.0.FR]
	at org.springframework.web.servlet.FrameworkServlet.service(FrameworkServlet.java:883) ~[spring-webmvc-5.3.6.jar:5.3.6]
	at javax.servlet.http.HttpServlet.service(HttpServlet.java:733) ~[tomcat-embed-core-9.0.45.jar:4.0.FR]
	at org.apache.catalina.core.ApplicationFilterChain.internalDoFilter(ApplicationFilterChain.java:227) ~[tomcat-embed-core-9.0.45.jar:9.0.45]
	at org.apache.catalina.core.ApplicationFilterChain.doFilter(ApplicationFilterChain.java:162) ~[tomcat-embed-core-9.0.45.jar:9.0.45]
	at org.apache.tomcat.websocket.server.WsFilter.doFilter(WsFilter.java:53) ~[tomcat-embed-websocket-9.0.45.jar:9.0.45]
	at org.apache.catalina.core.ApplicationFilterChain.internalDoFilter(ApplicationFilterChain.java:189) ~[tomcat-embed-core-9.0.45.jar:9.0.45]
	at org.apache.catalina.core.ApplicationFilterChain.doFilter(ApplicationFilterChain.java:162) ~[tomcat-embed-core-9.0.45.jar:9.0.45]
	at org.springframework.web.filter.RequestContextFilter.doFilterInternal(RequestContextFilter.java:100) ~[spring-web-5.3.6.jar:5.3.6]
	at org.springframework.web.filter.OncePerRequestFilter.doFilter(OncePerRequestFilter.java:119) ~[spring-web-5.3.6.jar:5.3.6]
	at org.apache.catalina.core.ApplicationFilterChain.internalDoFilter(ApplicationFilterChain.java:189) ~[tomcat-embed-core-9.0.45.jar:9.0.45]
	at org.apache.catalina.core.ApplicationFilterChain.doFilter(ApplicationFilterChain.java:162) ~[tomcat-embed-core-9.0.45.jar:9.0.45]
	at org.springframework.web.filter.FormContentFilter.doFilterInternal(FormContentFilter.java:93) ~[spring-web-5.3.6.jar:5.3.6]
	at org.springframework.web.filter.OncePerRequestFilter.doFilter(OncePerRequestFilter.java:119) ~[spring-web-5.3.6.jar:5.3.6]
	at org.apache.catalina.core.ApplicationFilterChain.internalDoFilter(ApplicationFilterChain.java:189) ~[tomcat-embed-core-9.0.45.jar:9.0.45]
	at org.apache.catalina.core.ApplicationFilterChain.doFilter(ApplicationFilterChain.java:162) ~[tomcat-embed-core-9.0.45.jar:9.0.45]
	at org.springframework.web.filter.CharacterEncodingFilter.doFilterInternal(CharacterEncodingFilter.java:201) ~[spring-web-5.3.6.jar:5.3.6]
	at org.springframework.web.filter.OncePerRequestFilter.doFilter(OncePerRequestFilter.java:119) ~[spring-web-5.3.6.jar:5.3.6]
	at org.apache.catalina.core.ApplicationFilterChain.internalDoFilter(ApplicationFilterChain.java:189) ~[tomcat-embed-core-9.0.45.jar:9.0.45]
	at org.apache.catalina.core.ApplicationFilterChain.doFilter(ApplicationFilterChain.java:162) ~[tomcat-embed-core-9.0.45.jar:9.0.45]
	at org.apache.catalina.core.StandardWrapperValve.invoke(StandardWrapperValve.java:202) ~[tomcat-embed-core-9.0.45.jar:9.0.45]
	at org.apache.catalina.core.StandardContextValve.invoke(StandardContextValve.java:97) ~[tomcat-embed-core-9.0.45.jar:9.0.45]
	at org.apache.catalina.authenticator.AuthenticatorBase.invoke(AuthenticatorBase.java:542) ~[tomcat-embed-core-9.0.45.jar:9.0.45]
	at org.apache.catalina.core.StandardHostValve.invoke(StandardHostValve.java:143) ~[tomcat-embed-core-9.0.45.jar:9.0.45]
	at org.apache.catalina.valves.ErrorReportValve.invoke(ErrorReportValve.java:92) ~[tomcat-embed-core-9.0.45.jar:9.0.45]
	at org.apache.catalina.core.StandardEngineValve.invoke(StandardEngineValve.java:78) ~[tomcat-embed-core-9.0.45.jar:9.0.45]
	at org.apache.catalina.connector.CoyoteAdapter.service(CoyoteAdapter.java:357) ~[tomcat-embed-core-9.0.45.jar:9.0.45]
	at org.apache.coyote.http11.Http11Processor.service(Http11Processor.java:374) ~[tomcat-embed-core-9.0.45.jar:9.0.45]
	at org.apache.coyote.AbstractProcessorLight.process(AbstractProcessorLight.java:65) ~[tomcat-embed-core-9.0.45.jar:9.0.45]
	at org.apache.coyote.AbstractProtocol$ConnectionHandler.process(AbstractProtocol.java:893) ~[tomcat-embed-core-9.0.45.jar:9.0.45]
	at org.apache.tomcat.util.net.NioEndpoint$SocketProcessor.doRun(NioEndpoint.java:1707) ~[tomcat-embed-core-9.0.45.jar:9.0.45]
	at org.apache.tomcat.util.net.SocketProcessorBase.run(SocketProcessorBase.java:49) ~[tomcat-embed-core-9.0.45.jar:9.0.45]
	at java.base/java.util.concurrent.ThreadPoolExecutor.runWorker(ThreadPoolExecutor.java:1128) ~[na:na]
	at java.base/java.util.concurrent.ThreadPoolExecutor$Worker.run(ThreadPoolExecutor.java:628) ~[na:na]
	at org.apache.tomcat.util.threads.TaskThread$WrappingRunnable.run(TaskThread.java:61) ~[tomcat-embed-core-9.0.45.jar:9.0.45]
	at java.base/java.lang.Thread.run(Thread.java:834) ~[na:na]

2021-05-26 14:21:20  WARN 8892 --- [restartedMain] c.b.m.core.metadata.TableInfoHelper      : Can not find table primary key in Class: "com.example.demo.framework.media.entity.UserFileDO".
2021-05-26 14:43:55  WARN 3344 --- [restartedMain] c.b.m.core.metadata.TableInfoHelper      : Can not find table primary key in Class: "com.example.demo.framework.media.entity.UserFileDO".
2021-05-26 15:05:36  WARN 3344 --- [restartedMain] ConfigServletWebServerApplicationContext : Exception encountered during context initialization - cancelling refresh attempt: org.springframework.beans.factory.BeanCreationException: Error creating bean with name 'userController' defined in file [C:\Users\Administrator\Downloads\demo\target\classes\com\example\demo\modules\controller\UserController.class]: Post-processing of merged bean definition failed; nested exception is java.lang.IllegalStateException: Failed to introspect Class [com.example.demo.modules.controller.UserController] from ClassLoader [org.springframework.boot.devtools.restart.classloader.RestartClassLoader@1a085a48]
2021-05-26 15:05:36 ERROR 3344 --- [restartedMain] o.s.boot.SpringApplication               : Application run failed

org.springframework.beans.factory.BeanCreationException: Error creating bean with name 'userController' defined in file [C:\Users\Administrator\Downloads\demo\target\classes\com\example\demo\modules\controller\UserController.class]: Post-processing of merged bean definition failed; nested exception is java.lang.IllegalStateException: Failed to introspect Class [com.example.demo.modules.controller.UserController] from ClassLoader [org.springframework.boot.devtools.restart.classloader.RestartClassLoader@1a085a48]
	at org.springframework.beans.factory.support.AbstractAutowireCapableBeanFactory.doCreateBean(AbstractAutowireCapableBeanFactory.java:579) ~[spring-beans-5.3.6.jar:5.3.6]
	at org.springframework.beans.factory.support.AbstractAutowireCapableBeanFactory.createBean(AbstractAutowireCapableBeanFactory.java:524) ~[spring-beans-5.3.6.jar:5.3.6]
	at org.springframework.beans.factory.support.AbstractBeanFactory.lambda$doGetBean$0(AbstractBeanFactory.java:335) ~[spring-beans-5.3.6.jar:5.3.6]
	at org.springframework.beans.factory.support.DefaultSingletonBeanRegistry.getSingleton(DefaultSingletonBeanRegistry.java:234) ~[spring-beans-5.3.6.jar:5.3.6]
	at org.springframework.beans.factory.support.AbstractBeanFactory.doGetBean(AbstractBeanFactory.java:333) ~[spring-beans-5.3.6.jar:5.3.6]
	at org.springframework.beans.factory.support.AbstractBeanFactory.getBean(AbstractBeanFactory.java:208) ~[spring-beans-5.3.6.jar:5.3.6]
	at org.springframework.beans.factory.support.DefaultListableBeanFactory.preInstantiateSingletons(DefaultListableBeanFactory.java:944) ~[spring-beans-5.3.6.jar:5.3.6]
	at org.springframework.context.support.AbstractApplicationContext.finishBeanFactoryInitialization(AbstractApplicationContext.java:918) ~[spring-context-5.3.6.jar:5.3.6]
	at org.springframework.context.support.AbstractApplicationContext.refresh(AbstractApplicationContext.java:583) ~[spring-context-5.3.6.jar:5.3.6]
	at org.springframework.boot.web.servlet.context.ServletWebServerApplicationContext.refresh(ServletWebServerApplicationContext.java:144) ~[spring-boot-2.4.5.jar:2.4.5]
	at org.springframework.boot.SpringApplication.refresh(SpringApplication.java:782) ~[spring-boot-2.4.5.jar:2.4.5]
	at org.springframework.boot.SpringApplication.refresh(SpringApplication.java:774) ~[spring-boot-2.4.5.jar:2.4.5]
	at org.springframework.boot.SpringApplication.refreshContext(SpringApplication.java:439) ~[spring-boot-2.4.5.jar:2.4.5]
	at org.springframework.boot.SpringApplication.run(SpringApplication.java:339) ~[spring-boot-2.4.5.jar:2.4.5]
	at org.springframework.boot.SpringApplication.run(SpringApplication.java:1340) ~[spring-boot-2.4.5.jar:2.4.5]
	at org.springframework.boot.SpringApplication.run(SpringApplication.java:1329) ~[spring-boot-2.4.5.jar:2.4.5]
	at com.example.demo.DemoApplication.main(DemoApplication.java:13) ~[classes/:na]
	at java.base/jdk.internal.reflect.NativeMethodAccessorImpl.invoke0(Native Method) ~[na:na]
	at java.base/jdk.internal.reflect.NativeMethodAccessorImpl.invoke(NativeMethodAccessorImpl.java:62) ~[na:na]
	at java.base/jdk.internal.reflect.DelegatingMethodAccessorImpl.invoke(DelegatingMethodAccessorImpl.java:43) ~[na:na]
	at java.base/java.lang.reflect.Method.invoke(Method.java:566) ~[na:na]
	at org.springframework.boot.devtools.restart.RestartLauncher.run(RestartLauncher.java:49) ~[spring-boot-devtools-2.4.5.jar:2.4.5]
Caused by: java.lang.IllegalStateException: Failed to introspect Class [com.example.demo.modules.controller.UserController] from ClassLoader [org.springframework.boot.devtools.restart.classloader.RestartClassLoader@1a085a48]
	at org.springframework.util.ReflectionUtils.getDeclaredFields(ReflectionUtils.java:739) ~[spring-core-5.3.6.jar:5.3.6]
	at org.springframework.util.ReflectionUtils.doWithLocalFields(ReflectionUtils.java:671) ~[spring-core-5.3.6.jar:5.3.6]
	at org.springframework.context.annotation.CommonAnnotationBeanPostProcessor.buildResourceMetadata(CommonAnnotationBeanPostProcessor.java:366) ~[spring-context-5.3.6.jar:5.3.6]
	at org.springframework.context.annotation.CommonAnnotationBeanPostProcessor.findResourceMetadata(CommonAnnotationBeanPostProcessor.java:347) ~[spring-context-5.3.6.jar:5.3.6]
	at org.springframework.context.annotation.CommonAnnotationBeanPostProcessor.postProcessMergedBeanDefinition(CommonAnnotationBeanPostProcessor.java:295) ~[spring-context-5.3.6.jar:5.3.6]
	at org.springframework.beans.factory.support.AbstractAutowireCapableBeanFactory.applyMergedBeanDefinitionPostProcessors(AbstractAutowireCapableBeanFactory.java:1098) ~[spring-beans-5.3.6.jar:5.3.6]
	at org.springframework.beans.factory.support.AbstractAutowireCapableBeanFactory.doCreateBean(AbstractAutowireCapableBeanFactory.java:576) ~[spring-beans-5.3.6.jar:5.3.6]
	... 21 common frames omitted
Caused by: java.lang.NoClassDefFoundError: Lcom/example/demo/framework/media/service/impl/WebFileServiceImpl;
	at java.base/java.lang.Class.getDeclaredFields0(Native Method) ~[na:na]
	at java.base/java.lang.Class.privateGetDeclaredFields(Class.java:3061) ~[na:na]
	at java.base/java.lang.Class.getDeclaredFields(Class.java:2248) ~[na:na]
	at org.springframework.util.ReflectionUtils.getDeclaredFields(ReflectionUtils.java:734) ~[spring-core-5.3.6.jar:5.3.6]
	... 27 common frames omitted
Caused by: java.lang.ClassNotFoundException: com.example.demo.framework.media.service.impl.WebFileServiceImpl
	at java.base/jdk.internal.loader.BuiltinClassLoader.loadClass(BuiltinClassLoader.java:581) ~[na:na]
	at java.base/jdk.internal.loader.ClassLoaders$AppClassLoader.loadClass(ClassLoaders.java:178) ~[na:na]
	at java.base/java.lang.ClassLoader.loadClass(ClassLoader.java:521) ~[na:na]
	at java.base/java.lang.Class.forName0(Native Method) ~[na:na]
	at java.base/java.lang.Class.forName(Class.java:398) ~[na:na]
	at org.springframework.boot.devtools.restart.classloader.RestartClassLoader.loadClass(RestartClassLoader.java:145) ~[spring-boot-devtools-2.4.5.jar:2.4.5]
	at java.base/java.lang.ClassLoader.loadClass(ClassLoader.java:521) ~[na:na]
	... 31 common frames omitted

2021-05-26 15:05:55  WARN 3344 --- [restartedMain] c.b.m.core.metadata.TableInfoHelper      : Can not find table primary key in Class: "com.example.demo.framework.media.entity.UserFileDO".
2021-05-26 15:06:08  WARN 3344 --- [restartedMain] c.b.m.core.metadata.TableInfoHelper      : Can not find table primary key in Class: "com.example.demo.framework.media.entity.UserFileDO".
2021-05-26 15:06:14  WARN 3344 --- [restartedMain] c.b.m.core.metadata.TableInfoHelper      : Can not find table primary key in Class: "com.example.demo.framework.media.entity.UserFileDO".
2021-05-26 15:06:17  WARN 9540 --- [restartedMain] c.b.m.core.metadata.TableInfoHelper      : Can not find table primary key in Class: "com.example.demo.framework.media.entity.UserFileDO".
2021-05-26 15:06:17  WARN 9540 --- [restartedMain] o.s.b.d.a.OptionalLiveReloadServer       : Unable to start LiveReload server
2021-05-26 15:06:17  WARN 9540 --- [restartedMain] ConfigServletWebServerApplicationContext : Exception encountered during context initialization - cancelling refresh attempt: org.springframework.context.ApplicationContextException: Failed to start bean 'webServerStartStop'; nested exception is org.springframework.boot.web.server.PortInUseException: Port 8000 is already in use
2021-05-26 15:06:17 ERROR 9540 --- [restartedMain] o.s.b.d.LoggingFailureAnalysisReporter   : 

***************************
APPLICATION FAILED TO START
***************************

Description:

Web server failed to start. Port 8000 was already in use.

Action:

Identify and stop the process that's listening on port 8000 or configure this application to listen on another port.

2021-05-26 15:06:41  WARN 6228 --- [restartedMain] c.b.m.core.metadata.TableInfoHelper      : Can not find table primary key in Class: "com.example.demo.framework.media.entity.UserFileDO".
2021-05-26 15:06:41  WARN 6228 --- [restartedMain] o.s.b.d.a.OptionalLiveReloadServer       : Unable to start LiveReload server
2021-05-26 15:06:41  WARN 6228 --- [restartedMain] ConfigServletWebServerApplicationContext : Exception encountered during context initialization - cancelling refresh attempt: org.springframework.context.ApplicationContextException: Failed to start bean 'webServerStartStop'; nested exception is org.springframework.boot.web.server.PortInUseException: Port 8000 is already in use
2021-05-26 15:06:41 ERROR 6228 --- [restartedMain] o.s.b.d.LoggingFailureAnalysisReporter   : 

***************************
APPLICATION FAILED TO START
***************************

Description:

Web server failed to start. Port 8000 was already in use.

Action:

Identify and stop the process that's listening on port 8000 or configure this application to listen on another port.

2021-05-26 15:07:51  WARN 3344 --- [restartedMain] c.b.m.core.metadata.TableInfoHelper      : Can not find table primary key in Class: "com.example.demo.framework.media.entity.UserFileDO".
2021-05-26 15:07:54  WARN 10340 --- [restartedMain] c.b.m.core.metadata.TableInfoHelper      : Can not find table primary key in Class: "com.example.demo.framework.media.entity.UserFileDO".
2021-05-26 15:07:55  WARN 10340 --- [restartedMain] o.s.b.d.a.OptionalLiveReloadServer       : Unable to start LiveReload server
2021-05-26 15:07:55  WARN 10340 --- [restartedMain] ConfigServletWebServerApplicationContext : Exception encountered during context initialization - cancelling refresh attempt: org.springframework.context.ApplicationContextException: Failed to start bean 'webServerStartStop'; nested exception is org.springframework.boot.web.server.PortInUseException: Port 8080 is already in use
2021-05-26 15:07:55 ERROR 10340 --- [restartedMain] o.s.b.d.LoggingFailureAnalysisReporter   : 

***************************
APPLICATION FAILED TO START
***************************

Description:

Web server failed to start. Port 8080 was already in use.

Action:

Identify and stop the process that's listening on port 8080 or configure this application to listen on another port.

2021-05-26 16:14:47  WARN 3344 --- [restartedMain] c.b.m.core.metadata.TableInfoHelper      : Can not find table primary key in Class: "com.example.demo.framework.media.entity.UserFileDO".
2021-05-26 16:14:51  WARN 1068 --- [restartedMain] c.b.m.core.metadata.TableInfoHelper      : Can not find table primary key in Class: "com.example.demo.framework.media.entity.UserFileDO".
2021-05-26 16:14:51  WARN 1068 --- [restartedMain] o.s.b.d.a.OptionalLiveReloadServer       : Unable to start LiveReload server
2021-05-26 16:14:51  WARN 1068 --- [restartedMain] ConfigServletWebServerApplicationContext : Exception encountered during context initialization - cancelling refresh attempt: org.springframework.context.ApplicationContextException: Failed to start bean 'webServerStartStop'; nested exception is org.springframework.boot.web.server.PortInUseException: Port 8000 is already in use
2021-05-26 16:14:51 ERROR 1068 --- [restartedMain] o.s.b.d.LoggingFailureAnalysisReporter   : 

***************************
APPLICATION FAILED TO START
***************************

Description:

Web server failed to start. Port 8000 was already in use.

Action:

Identify and stop the process that's listening on port 8000 or configure this application to listen on another port.

2021-05-26 16:20:18  WARN 1504 --- [restartedMain] c.b.m.core.metadata.TableInfoHelper      : Can not find table primary key in Class: "com.example.demo.framework.media.entity.UserFileDO".
2021-05-26 16:21:21 ERROR 1504 --- [http-nio-8000-exec-2] o.a.c.c.C.[.[.[/].[dispatcherServlet]    : Servlet.service() for servlet [dispatcherServlet] in context with path [] threw exception [Request processing failed; nested exception is org.springframework.jdbc.BadSqlGrammarException: 
### Error querying database.  Cause: java.sql.SQLSyntaxErrorException: You have an error in your SQL syntax; check the manual that corresponds to your MySQL server version for the right syntax to use near ':\Users\Administrator\Downloads\demofile_path = '042d723b8544d9b523672031d8d51aa' at line 3
### The error may exist in com/example/demo/framework/media/mapper/UserFileMapper.java (best guess)
### The error may involve defaultParameterMap
### The error occurred while setting parameters
### SQL: SELECT COUNT( * ) FROM user_file     WHERE (C:\Users\Administrator\Downloads\demofile_path = ?)
### Cause: java.sql.SQLSyntaxErrorException: You have an error in your SQL syntax; check the manual that corresponds to your MySQL server version for the right syntax to use near ':\Users\Administrator\Downloads\demofile_path = '042d723b8544d9b523672031d8d51aa' at line 3
; bad SQL grammar []; nested exception is java.sql.SQLSyntaxErrorException: You have an error in your SQL syntax; check the manual that corresponds to your MySQL server version for the right syntax to use near ':\Users\Administrator\Downloads\demofile_path = '042d723b8544d9b523672031d8d51aa' at line 3] with root cause

java.sql.SQLSyntaxErrorException: You have an error in your SQL syntax; check the manual that corresponds to your MySQL server version for the right syntax to use near ':\Users\Administrator\Downloads\demofile_path = '042d723b8544d9b523672031d8d51aa' at line 3
	at com.mysql.cj.jdbc.exceptions.SQLError.createSQLException(SQLError.java:120) ~[mysql-connector-java-8.0.23.jar:8.0.23]
	at com.mysql.cj.jdbc.exceptions.SQLExceptionsMapping.translateException(SQLExceptionsMapping.java:122) ~[mysql-connector-java-8.0.23.jar:8.0.23]
	at com.mysql.cj.jdbc.ClientPreparedStatement.executeInternal(ClientPreparedStatement.java:953) ~[mysql-connector-java-8.0.23.jar:8.0.23]
	at com.mysql.cj.jdbc.ClientPreparedStatement.execute(ClientPreparedStatement.java:370) ~[mysql-connector-java-8.0.23.jar:8.0.23]
	at com.zaxxer.hikari.pool.ProxyPreparedStatement.execute(ProxyPreparedStatement.java:44) ~[HikariCP-3.4.5.jar:na]
	at com.zaxxer.hikari.pool.HikariProxyPreparedStatement.execute(HikariProxyPreparedStatement.java) ~[HikariCP-3.4.5.jar:na]
	at org.apache.ibatis.executor.statement.PreparedStatementHandler.query(PreparedStatementHandler.java:64) ~[mybatis-3.5.6.jar:3.5.6]
	at org.apache.ibatis.executor.statement.RoutingStatementHandler.query(RoutingStatementHandler.java:79) ~[mybatis-3.5.6.jar:3.5.6]
	at com.baomidou.mybatisplus.core.executor.MybatisSimpleExecutor.doQuery(MybatisSimpleExecutor.java:69) ~[mybatis-plus-core-3.4.1.jar:3.4.1]
	at org.apache.ibatis.executor.BaseExecutor.queryFromDatabase(BaseExecutor.java:325) ~[mybatis-3.5.6.jar:3.5.6]
	at org.apache.ibatis.executor.BaseExecutor.query(BaseExecutor.java:156) ~[mybatis-3.5.6.jar:3.5.6]
	at com.baomidou.mybatisplus.core.executor.MybatisCachingExecutor.query(MybatisCachingExecutor.java:165) ~[mybatis-plus-core-3.4.1.jar:3.4.1]
	at com.baomidou.mybatisplus.core.executor.MybatisCachingExecutor.query(MybatisCachingExecutor.java:92) ~[mybatis-plus-core-3.4.1.jar:3.4.1]
	at org.apache.ibatis.session.defaults.DefaultSqlSession.selectList(DefaultSqlSession.java:147) ~[mybatis-3.5.6.jar:3.5.6]
	at org.apache.ibatis.session.defaults.DefaultSqlSession.selectList(DefaultSqlSession.java:140) ~[mybatis-3.5.6.jar:3.5.6]
	at org.apache.ibatis.session.defaults.DefaultSqlSession.selectOne(DefaultSqlSession.java:76) ~[mybatis-3.5.6.jar:3.5.6]
	at java.base/jdk.internal.reflect.NativeMethodAccessorImpl.invoke0(Native Method) ~[na:na]
	at java.base/jdk.internal.reflect.NativeMethodAccessorImpl.invoke(NativeMethodAccessorImpl.java:62) ~[na:na]
	at java.base/jdk.internal.reflect.DelegatingMethodAccessorImpl.invoke(DelegatingMethodAccessorImpl.java:43) ~[na:na]
	at java.base/java.lang.reflect.Method.invoke(Method.java:566) ~[na:na]
	at org.mybatis.spring.SqlSessionTemplate$SqlSessionInterceptor.invoke(SqlSessionTemplate.java:426) ~[mybatis-spring-2.0.5.jar:2.0.5]
	at com.sun.proxy.$Proxy64.selectOne(Unknown Source) ~[na:na]
	at org.mybatis.spring.SqlSessionTemplate.selectOne(SqlSessionTemplate.java:159) ~[mybatis-spring-2.0.5.jar:2.0.5]
	at com.baomidou.mybatisplus.core.override.MybatisMapperMethod.execute(MybatisMapperMethod.java:90) ~[mybatis-plus-core-3.4.1.jar:3.4.1]
	at com.baomidou.mybatisplus.core.override.MybatisMapperProxy$PlainMethodInvoker.invoke(MybatisMapperProxy.java:148) ~[mybatis-plus-core-3.4.1.jar:3.4.1]
	at com.baomidou.mybatisplus.core.override.MybatisMapperProxy.invoke(MybatisMapperProxy.java:89) ~[mybatis-plus-core-3.4.1.jar:3.4.1]
	at com.sun.proxy.$Proxy68.selectCount(Unknown Source) ~[na:na]
	at com.example.demo.framework.media.service.impl.WebFileServiceImpl.upload(WebFileServiceImpl.java:45) ~[classes/:na]
	at com.example.demo.modules.controller.UserController.uploadFile(UserController.java:134) ~[classes/:na]
	at java.base/jdk.internal.reflect.NativeMethodAccessorImpl.invoke0(Native Method) ~[na:na]
	at java.base/jdk.internal.reflect.NativeMethodAccessorImpl.invoke(NativeMethodAccessorImpl.java:62) ~[na:na]
	at java.base/jdk.internal.reflect.DelegatingMethodAccessorImpl.invoke(DelegatingMethodAccessorImpl.java:43) ~[na:na]
	at java.base/java.lang.reflect.Method.invoke(Method.java:566) ~[na:na]
	at org.springframework.web.method.support.InvocableHandlerMethod.doInvoke(InvocableHandlerMethod.java:197) ~[spring-web-5.3.6.jar:5.3.6]
	at org.springframework.web.method.support.InvocableHandlerMethod.invokeForRequest(InvocableHandlerMethod.java:141) ~[spring-web-5.3.6.jar:5.3.6]
	at org.springframework.web.servlet.mvc.method.annotation.ServletInvocableHandlerMethod.invokeAndHandle(ServletInvocableHandlerMethod.java:106) ~[spring-webmvc-5.3.6.jar:5.3.6]
	at org.springframework.web.servlet.mvc.method.annotation.RequestMappingHandlerAdapter.invokeHandlerMethod(RequestMappingHandlerAdapter.java:894) ~[spring-webmvc-5.3.6.jar:5.3.6]
	at org.springframework.web.servlet.mvc.method.annotation.RequestMappingHandlerAdapter.handleInternal(RequestMappingHandlerAdapter.java:808) ~[spring-webmvc-5.3.6.jar:5.3.6]
	at org.springframework.web.servlet.mvc.method.AbstractHandlerMethodAdapter.handle(AbstractHandlerMethodAdapter.java:87) ~[spring-webmvc-5.3.6.jar:5.3.6]
	at org.springframework.web.servlet.DispatcherServlet.doDispatch(DispatcherServlet.java:1060) ~[spring-webmvc-5.3.6.jar:5.3.6]
	at org.springframework.web.servlet.DispatcherServlet.doService(DispatcherServlet.java:962) ~[spring-webmvc-5.3.6.jar:5.3.6]
	at org.springframework.web.servlet.FrameworkServlet.processRequest(FrameworkServlet.java:1006) ~[spring-webmvc-5.3.6.jar:5.3.6]
	at org.springframework.web.servlet.FrameworkServlet.doPost(FrameworkServlet.java:909) ~[spring-webmvc-5.3.6.jar:5.3.6]
	at javax.servlet.http.HttpServlet.service(HttpServlet.java:652) ~[tomcat-embed-core-9.0.45.jar:4.0.FR]
	at org.springframework.web.servlet.FrameworkServlet.service(FrameworkServlet.java:883) ~[spring-webmvc-5.3.6.jar:5.3.6]
	at javax.servlet.http.HttpServlet.service(HttpServlet.java:733) ~[tomcat-embed-core-9.0.45.jar:4.0.FR]
	at org.apache.catalina.core.ApplicationFilterChain.internalDoFilter(ApplicationFilterChain.java:227) ~[tomcat-embed-core-9.0.45.jar:9.0.45]
	at org.apache.catalina.core.ApplicationFilterChain.doFilter(ApplicationFilterChain.java:162) ~[tomcat-embed-core-9.0.45.jar:9.0.45]
	at org.apache.tomcat.websocket.server.WsFilter.doFilter(WsFilter.java:53) ~[tomcat-embed-websocket-9.0.45.jar:9.0.45]
	at org.apache.catalina.core.ApplicationFilterChain.internalDoFilter(ApplicationFilterChain.java:189) ~[tomcat-embed-core-9.0.45.jar:9.0.45]
	at org.apache.catalina.core.ApplicationFilterChain.doFilter(ApplicationFilterChain.java:162) ~[tomcat-embed-core-9.0.45.jar:9.0.45]
	at org.springframework.web.filter.RequestContextFilter.doFilterInternal(RequestContextFilter.java:100) ~[spring-web-5.3.6.jar:5.3.6]
	at org.springframework.web.filter.OncePerRequestFilter.doFilter(OncePerRequestFilter.java:119) ~[spring-web-5.3.6.jar:5.3.6]
	at org.apache.catalina.core.ApplicationFilterChain.internalDoFilter(ApplicationFilterChain.java:189) ~[tomcat-embed-core-9.0.45.jar:9.0.45]
	at org.apache.catalina.core.ApplicationFilterChain.doFilter(ApplicationFilterChain.java:162) ~[tomcat-embed-core-9.0.45.jar:9.0.45]
	at org.springframework.web.filter.FormContentFilter.doFilterInternal(FormContentFilter.java:93) ~[spring-web-5.3.6.jar:5.3.6]
	at org.springframework.web.filter.OncePerRequestFilter.doFilter(OncePerRequestFilter.java:119) ~[spring-web-5.3.6.jar:5.3.6]
	at org.apache.catalina.core.ApplicationFilterChain.internalDoFilter(ApplicationFilterChain.java:189) ~[tomcat-embed-core-9.0.45.jar:9.0.45]
	at org.apache.catalina.core.ApplicationFilterChain.doFilter(ApplicationFilterChain.java:162) ~[tomcat-embed-core-9.0.45.jar:9.0.45]
	at org.springframework.web.filter.CharacterEncodingFilter.doFilterInternal(CharacterEncodingFilter.java:201) ~[spring-web-5.3.6.jar:5.3.6]
	at org.springframework.web.filter.OncePerRequestFilter.doFilter(OncePerRequestFilter.java:119) ~[spring-web-5.3.6.jar:5.3.6]
	at org.apache.catalina.core.ApplicationFilterChain.internalDoFilter(ApplicationFilterChain.java:189) ~[tomcat-embed-core-9.0.45.jar:9.0.45]
	at org.apache.catalina.core.ApplicationFilterChain.doFilter(ApplicationFilterChain.java:162) ~[tomcat-embed-core-9.0.45.jar:9.0.45]
	at org.apache.catalina.core.StandardWrapperValve.invoke(StandardWrapperValve.java:202) ~[tomcat-embed-core-9.0.45.jar:9.0.45]
	at org.apache.catalina.core.StandardContextValve.invoke(StandardContextValve.java:97) ~[tomcat-embed-core-9.0.45.jar:9.0.45]
	at org.apache.catalina.authenticator.AuthenticatorBase.invoke(AuthenticatorBase.java:542) ~[tomcat-embed-core-9.0.45.jar:9.0.45]
	at org.apache.catalina.core.StandardHostValve.invoke(StandardHostValve.java:143) ~[tomcat-embed-core-9.0.45.jar:9.0.45]
	at org.apache.catalina.valves.ErrorReportValve.invoke(ErrorReportValve.java:92) ~[tomcat-embed-core-9.0.45.jar:9.0.45]
	at org.apache.catalina.core.StandardEngineValve.invoke(StandardEngineValve.java:78) ~[tomcat-embed-core-9.0.45.jar:9.0.45]
	at org.apache.catalina.connector.CoyoteAdapter.service(CoyoteAdapter.java:357) ~[tomcat-embed-core-9.0.45.jar:9.0.45]
	at org.apache.coyote.http11.Http11Processor.service(Http11Processor.java:374) ~[tomcat-embed-core-9.0.45.jar:9.0.45]
	at org.apache.coyote.AbstractProcessorLight.process(AbstractProcessorLight.java:65) ~[tomcat-embed-core-9.0.45.jar:9.0.45]
	at org.apache.coyote.AbstractProtocol$ConnectionHandler.process(AbstractProtocol.java:893) ~[tomcat-embed-core-9.0.45.jar:9.0.45]
	at org.apache.tomcat.util.net.NioEndpoint$SocketProcessor.doRun(NioEndpoint.java:1707) ~[tomcat-embed-core-9.0.45.jar:9.0.45]
	at org.apache.tomcat.util.net.SocketProcessorBase.run(SocketProcessorBase.java:49) ~[tomcat-embed-core-9.0.45.jar:9.0.45]
	at java.base/java.util.concurrent.ThreadPoolExecutor.runWorker(ThreadPoolExecutor.java:1128) ~[na:na]
	at java.base/java.util.concurrent.ThreadPoolExecutor$Worker.run(ThreadPoolExecutor.java:628) ~[na:na]
	at org.apache.tomcat.util.threads.TaskThread$WrappingRunnable.run(TaskThread.java:61) ~[tomcat-embed-core-9.0.45.jar:9.0.45]
	at java.base/java.lang.Thread.run(Thread.java:834) ~[na:na]

2021-05-26 16:25:16  WARN 11832 --- [restartedMain] c.b.m.core.metadata.TableInfoHelper      : Can not find table primary key in Class: "com.example.demo.framework.media.entity.UserFileDO".
2021-05-26 16:25:29  WARN 11832 --- [http-nio-8000-exec-1] .m.m.a.ExceptionHandlerExceptionResolver : Resolved [com.auth0.jwt.exceptions.TokenExpiredException: The Token has expired on Wed May 26 16:21:24 CST 2021.]
2021-05-26 16:25:43  WARN 11832 --- [http-nio-8000-exec-3] .m.m.a.ExceptionHandlerExceptionResolver : Resolved [com.auth0.jwt.exceptions.TokenExpiredException: The Token has expired on Wed May 26 16:21:24 CST 2021.]
2021-05-26 16:26:15 ERROR 11832 --- [http-nio-8000-exec-5] o.a.c.c.C.[.[.[/].[dispatcherServlet]    : Servlet.service() for servlet [dispatcherServlet] in context with path [] threw exception [Request processing failed; nested exception is org.springframework.jdbc.BadSqlGrammarException: 
### Error querying database.  Cause: java.sql.SQLSyntaxErrorException: You have an error in your SQL syntax; check the manual that corresponds to your MySQL server version for the right syntax to use near ':\Users\Administrator\Downloads\demo\file_path = '042d723b8544d9b523672031d8d51a' at line 3
### The error may exist in com/example/demo/framework/media/mapper/UserFileMapper.java (best guess)
### The error may involve defaultParameterMap
### The error occurred while setting parameters
### SQL: SELECT COUNT( * ) FROM user_file     WHERE (C:\Users\Administrator\Downloads\demo\file_path = ?)
### Cause: java.sql.SQLSyntaxErrorException: You have an error in your SQL syntax; check the manual that corresponds to your MySQL server version for the right syntax to use near ':\Users\Administrator\Downloads\demo\file_path = '042d723b8544d9b523672031d8d51a' at line 3
; bad SQL grammar []; nested exception is java.sql.SQLSyntaxErrorException: You have an error in your SQL syntax; check the manual that corresponds to your MySQL server version for the right syntax to use near ':\Users\Administrator\Downloads\demo\file_path = '042d723b8544d9b523672031d8d51a' at line 3] with root cause

java.sql.SQLSyntaxErrorException: You have an error in your SQL syntax; check the manual that corresponds to your MySQL server version for the right syntax to use near ':\Users\Administrator\Downloads\demo\file_path = '042d723b8544d9b523672031d8d51a' at line 3
	at com.mysql.cj.jdbc.exceptions.SQLError.createSQLException(SQLError.java:120) ~[mysql-connector-java-8.0.23.jar:8.0.23]
	at com.mysql.cj.jdbc.exceptions.SQLExceptionsMapping.translateException(SQLExceptionsMapping.java:122) ~[mysql-connector-java-8.0.23.jar:8.0.23]
	at com.mysql.cj.jdbc.ClientPreparedStatement.executeInternal(ClientPreparedStatement.java:953) ~[mysql-connector-java-8.0.23.jar:8.0.23]
	at com.mysql.cj.jdbc.ClientPreparedStatement.execute(ClientPreparedStatement.java:370) ~[mysql-connector-java-8.0.23.jar:8.0.23]
	at com.zaxxer.hikari.pool.ProxyPreparedStatement.execute(ProxyPreparedStatement.java:44) ~[HikariCP-3.4.5.jar:na]
	at com.zaxxer.hikari.pool.HikariProxyPreparedStatement.execute(HikariProxyPreparedStatement.java) ~[HikariCP-3.4.5.jar:na]
	at org.apache.ibatis.executor.statement.PreparedStatementHandler.query(PreparedStatementHandler.java:64) ~[mybatis-3.5.6.jar:3.5.6]
	at org.apache.ibatis.executor.statement.RoutingStatementHandler.query(RoutingStatementHandler.java:79) ~[mybatis-3.5.6.jar:3.5.6]
	at com.baomidou.mybatisplus.core.executor.MybatisSimpleExecutor.doQuery(MybatisSimpleExecutor.java:69) ~[mybatis-plus-core-3.4.1.jar:3.4.1]
	at org.apache.ibatis.executor.BaseExecutor.queryFromDatabase(BaseExecutor.java:325) ~[mybatis-3.5.6.jar:3.5.6]
	at org.apache.ibatis.executor.BaseExecutor.query(BaseExecutor.java:156) ~[mybatis-3.5.6.jar:3.5.6]
	at com.baomidou.mybatisplus.core.executor.MybatisCachingExecutor.query(MybatisCachingExecutor.java:165) ~[mybatis-plus-core-3.4.1.jar:3.4.1]
	at com.baomidou.mybatisplus.core.executor.MybatisCachingExecutor.query(MybatisCachingExecutor.java:92) ~[mybatis-plus-core-3.4.1.jar:3.4.1]
	at org.apache.ibatis.session.defaults.DefaultSqlSession.selectList(DefaultSqlSession.java:147) ~[mybatis-3.5.6.jar:3.5.6]
	at org.apache.ibatis.session.defaults.DefaultSqlSession.selectList(DefaultSqlSession.java:140) ~[mybatis-3.5.6.jar:3.5.6]
	at org.apache.ibatis.session.defaults.DefaultSqlSession.selectOne(DefaultSqlSession.java:76) ~[mybatis-3.5.6.jar:3.5.6]
	at java.base/jdk.internal.reflect.NativeMethodAccessorImpl.invoke0(Native Method) ~[na:na]
	at java.base/jdk.internal.reflect.NativeMethodAccessorImpl.invoke(NativeMethodAccessorImpl.java:62) ~[na:na]
	at java.base/jdk.internal.reflect.DelegatingMethodAccessorImpl.invoke(DelegatingMethodAccessorImpl.java:43) ~[na:na]
	at java.base/java.lang.reflect.Method.invoke(Method.java:566) ~[na:na]
	at org.mybatis.spring.SqlSessionTemplate$SqlSessionInterceptor.invoke(SqlSessionTemplate.java:426) ~[mybatis-spring-2.0.5.jar:2.0.5]
	at com.sun.proxy.$Proxy64.selectOne(Unknown Source) ~[na:na]
	at org.mybatis.spring.SqlSessionTemplate.selectOne(SqlSessionTemplate.java:159) ~[mybatis-spring-2.0.5.jar:2.0.5]
	at com.baomidou.mybatisplus.core.override.MybatisMapperMethod.execute(MybatisMapperMethod.java:90) ~[mybatis-plus-core-3.4.1.jar:3.4.1]
	at com.baomidou.mybatisplus.core.override.MybatisMapperProxy$PlainMethodInvoker.invoke(MybatisMapperProxy.java:148) ~[mybatis-plus-core-3.4.1.jar:3.4.1]
	at com.baomidou.mybatisplus.core.override.MybatisMapperProxy.invoke(MybatisMapperProxy.java:89) ~[mybatis-plus-core-3.4.1.jar:3.4.1]
	at com.sun.proxy.$Proxy68.selectCount(Unknown Source) ~[na:na]
	at com.example.demo.framework.media.service.impl.WebFileServiceImpl.upload(WebFileServiceImpl.java:45) ~[classes/:na]
	at com.example.demo.modules.controller.UserController.uploadFile(UserController.java:134) ~[classes/:na]
	at java.base/jdk.internal.reflect.NativeMethodAccessorImpl.invoke0(Native Method) ~[na:na]
	at java.base/jdk.internal.reflect.NativeMethodAccessorImpl.invoke(NativeMethodAccessorImpl.java:62) ~[na:na]
	at java.base/jdk.internal.reflect.DelegatingMethodAccessorImpl.invoke(DelegatingMethodAccessorImpl.java:43) ~[na:na]
	at java.base/java.lang.reflect.Method.invoke(Method.java:566) ~[na:na]
	at org.springframework.web.method.support.InvocableHandlerMethod.doInvoke(InvocableHandlerMethod.java:197) ~[spring-web-5.3.6.jar:5.3.6]
	at org.springframework.web.method.support.InvocableHandlerMethod.invokeForRequest(InvocableHandlerMethod.java:141) ~[spring-web-5.3.6.jar:5.3.6]
	at org.springframework.web.servlet.mvc.method.annotation.ServletInvocableHandlerMethod.invokeAndHandle(ServletInvocableHandlerMethod.java:106) ~[spring-webmvc-5.3.6.jar:5.3.6]
	at org.springframework.web.servlet.mvc.method.annotation.RequestMappingHandlerAdapter.invokeHandlerMethod(RequestMappingHandlerAdapter.java:894) ~[spring-webmvc-5.3.6.jar:5.3.6]
	at org.springframework.web.servlet.mvc.method.annotation.RequestMappingHandlerAdapter.handleInternal(RequestMappingHandlerAdapter.java:808) ~[spring-webmvc-5.3.6.jar:5.3.6]
	at org.springframework.web.servlet.mvc.method.AbstractHandlerMethodAdapter.handle(AbstractHandlerMethodAdapter.java:87) ~[spring-webmvc-5.3.6.jar:5.3.6]
	at org.springframework.web.servlet.DispatcherServlet.doDispatch(DispatcherServlet.java:1060) ~[spring-webmvc-5.3.6.jar:5.3.6]
	at org.springframework.web.servlet.DispatcherServlet.doService(DispatcherServlet.java:962) ~[spring-webmvc-5.3.6.jar:5.3.6]
	at org.springframework.web.servlet.FrameworkServlet.processRequest(FrameworkServlet.java:1006) ~[spring-webmvc-5.3.6.jar:5.3.6]
	at org.springframework.web.servlet.FrameworkServlet.doPost(FrameworkServlet.java:909) ~[spring-webmvc-5.3.6.jar:5.3.6]
	at javax.servlet.http.HttpServlet.service(HttpServlet.java:652) ~[tomcat-embed-core-9.0.45.jar:4.0.FR]
	at org.springframework.web.servlet.FrameworkServlet.service(FrameworkServlet.java:883) ~[spring-webmvc-5.3.6.jar:5.3.6]
	at javax.servlet.http.HttpServlet.service(HttpServlet.java:733) ~[tomcat-embed-core-9.0.45.jar:4.0.FR]
	at org.apache.catalina.core.ApplicationFilterChain.internalDoFilter(ApplicationFilterChain.java:227) ~[tomcat-embed-core-9.0.45.jar:9.0.45]
	at org.apache.catalina.core.ApplicationFilterChain.doFilter(ApplicationFilterChain.java:162) ~[tomcat-embed-core-9.0.45.jar:9.0.45]
	at org.apache.tomcat.websocket.server.WsFilter.doFilter(WsFilter.java:53) ~[tomcat-embed-websocket-9.0.45.jar:9.0.45]
	at org.apache.catalina.core.ApplicationFilterChain.internalDoFilter(ApplicationFilterChain.java:189) ~[tomcat-embed-core-9.0.45.jar:9.0.45]
	at org.apache.catalina.core.ApplicationFilterChain.doFilter(ApplicationFilterChain.java:162) ~[tomcat-embed-core-9.0.45.jar:9.0.45]
	at org.springframework.web.filter.RequestContextFilter.doFilterInternal(RequestContextFilter.java:100) ~[spring-web-5.3.6.jar:5.3.6]
	at org.springframework.web.filter.OncePerRequestFilter.doFilter(OncePerRequestFilter.java:119) ~[spring-web-5.3.6.jar:5.3.6]
	at org.apache.catalina.core.ApplicationFilterChain.internalDoFilter(ApplicationFilterChain.java:189) ~[tomcat-embed-core-9.0.45.jar:9.0.45]
	at org.apache.catalina.core.ApplicationFilterChain.doFilter(ApplicationFilterChain.java:162) ~[tomcat-embed-core-9.0.45.jar:9.0.45]
	at org.springframework.web.filter.FormContentFilter.doFilterInternal(FormContentFilter.java:93) ~[spring-web-5.3.6.jar:5.3.6]
	at org.springframework.web.filter.OncePerRequestFilter.doFilter(OncePerRequestFilter.java:119) ~[spring-web-5.3.6.jar:5.3.6]
	at org.apache.catalina.core.ApplicationFilterChain.internalDoFilter(ApplicationFilterChain.java:189) ~[tomcat-embed-core-9.0.45.jar:9.0.45]
	at org.apache.catalina.core.ApplicationFilterChain.doFilter(ApplicationFilterChain.java:162) ~[tomcat-embed-core-9.0.45.jar:9.0.45]
	at org.springframework.web.filter.CharacterEncodingFilter.doFilterInternal(CharacterEncodingFilter.java:201) ~[spring-web-5.3.6.jar:5.3.6]
	at org.springframework.web.filter.OncePerRequestFilter.doFilter(OncePerRequestFilter.java:119) ~[spring-web-5.3.6.jar:5.3.6]
	at org.apache.catalina.core.ApplicationFilterChain.internalDoFilter(ApplicationFilterChain.java:189) ~[tomcat-embed-core-9.0.45.jar:9.0.45]
	at org.apache.catalina.core.ApplicationFilterChain.doFilter(ApplicationFilterChain.java:162) ~[tomcat-embed-core-9.0.45.jar:9.0.45]
	at org.apache.catalina.core.StandardWrapperValve.invoke(StandardWrapperValve.java:202) ~[tomcat-embed-core-9.0.45.jar:9.0.45]
	at org.apache.catalina.core.StandardContextValve.invoke(StandardContextValve.java:97) ~[tomcat-embed-core-9.0.45.jar:9.0.45]
	at org.apache.catalina.authenticator.AuthenticatorBase.invoke(AuthenticatorBase.java:542) ~[tomcat-embed-core-9.0.45.jar:9.0.45]
	at org.apache.catalina.core.StandardHostValve.invoke(StandardHostValve.java:143) ~[tomcat-embed-core-9.0.45.jar:9.0.45]
	at org.apache.catalina.valves.ErrorReportValve.invoke(ErrorReportValve.java:92) ~[tomcat-embed-core-9.0.45.jar:9.0.45]
	at org.apache.catalina.core.StandardEngineValve.invoke(StandardEngineValve.java:78) ~[tomcat-embed-core-9.0.45.jar:9.0.45]
	at org.apache.catalina.connector.CoyoteAdapter.service(CoyoteAdapter.java:357) ~[tomcat-embed-core-9.0.45.jar:9.0.45]
	at org.apache.coyote.http11.Http11Processor.service(Http11Processor.java:374) ~[tomcat-embed-core-9.0.45.jar:9.0.45]
	at org.apache.coyote.AbstractProcessorLight.process(AbstractProcessorLight.java:65) ~[tomcat-embed-core-9.0.45.jar:9.0.45]
	at org.apache.coyote.AbstractProtocol$ConnectionHandler.process(AbstractProtocol.java:893) ~[tomcat-embed-core-9.0.45.jar:9.0.45]
	at org.apache.tomcat.util.net.NioEndpoint$SocketProcessor.doRun(NioEndpoint.java:1707) ~[tomcat-embed-core-9.0.45.jar:9.0.45]
	at org.apache.tomcat.util.net.SocketProcessorBase.run(SocketProcessorBase.java:49) ~[tomcat-embed-core-9.0.45.jar:9.0.45]
	at java.base/java.util.concurrent.ThreadPoolExecutor.runWorker(ThreadPoolExecutor.java:1128) ~[na:na]
	at java.base/java.util.concurrent.ThreadPoolExecutor$Worker.run(ThreadPoolExecutor.java:628) ~[na:na]
	at org.apache.tomcat.util.threads.TaskThread$WrappingRunnable.run(TaskThread.java:61) ~[tomcat-embed-core-9.0.45.jar:9.0.45]
	at java.base/java.lang.Thread.run(Thread.java:834) ~[na:na]

2021-05-26 16:28:39  WARN 12256 --- [restartedMain] c.b.m.core.metadata.TableInfoHelper      : Can not find table primary key in Class: "com.example.demo.framework.media.entity.UserFileDO".
2021-05-26 16:28:45  WARN 12256 --- [http-nio-8000-exec-1] .m.m.a.ExceptionHandlerExceptionResolver : Resolved [com.auth0.jwt.exceptions.TokenExpiredException: The Token has expired on Wed May 26 16:26:10 CST 2021.]
2021-05-26 16:31:32  WARN 10088 --- [restartedMain] c.b.m.core.metadata.TableInfoHelper      : Can not find table primary key in Class: "com.example.demo.framework.media.entity.UserFileDO".
2021-05-26 16:32:19  WARN 6964 --- [restartedMain] c.b.m.core.metadata.TableInfoHelper      : Can not find table primary key in Class: "com.example.demo.framework.media.entity.UserFileDO".
2021-05-26 16:32:46  WARN 6964 --- [http-nio-8000-exec-2] .m.m.a.ExceptionHandlerExceptionResolver : Resolved [org.springframework.dao.DuplicateKeyException: 
### Error updating database.  Cause: java.sql.SQLIntegrityConstraintViolationException: Duplicate entry '15-042d723b8544d9b523672031d8d51aa0-Demo.java' for key 'PRIMARY'
### The error may exist in com/example/demo/framework/media/mapper/UserFileMapper.java (best guess)
### The error may involve com.example.demo.framework.media.mapper.UserFileMapper.insert-Inline
### The error occurred while setting parameters
### SQL: INSERT INTO user_file  ( user_id, file_path, file_name )  VALUES  ( ?, ?, ? )
### Cause: java.sql.SQLIntegrityConstraintViolationException: Duplicate entry '15-042d723b8544d9b523672031d8d51aa0-Demo.java' for key 'PRIMARY'
; Duplicate entry '15-042d723b8544d9b523672031d8d51aa0-Demo.java' for key 'PRIMARY'; nested exception is java.sql.SQLIntegrityConstraintViolationException: Duplicate entry '15-042d723b8544d9b523672031d8d51aa0-Demo.java' for key 'PRIMARY']
2021-05-26 16:35:00  WARN 6468 --- [restartedMain] c.b.m.core.metadata.TableInfoHelper      : Can not find table primary key in Class: "com.example.demo.framework.media.entity.UserFileDO".
2021-05-26 16:36:32  WARN 6468 --- [HikariPool-1 housekeeper] com.zaxxer.hikari.pool.HikariPool        : HikariPool-1 - Thread starvation or clock leap detected (housekeeper delta=1m12s722ms205µs100ns).
2021-05-26 16:36:33  WARN 6468 --- [http-nio-8000-exec-2] .m.m.a.ExceptionHandlerExceptionResolver : Resolved [org.springframework.dao.DuplicateKeyException: 
### Error updating database.  Cause: java.sql.SQLIntegrityConstraintViolationException: Duplicate entry '15-042d723b8544d9b523672031d8d51aa0-Demo.java' for key 'PRIMARY'
### The error may exist in com/example/demo/framework/media/mapper/UserFileMapper.java (best guess)
### The error may involve com.example.demo.framework.media.mapper.UserFileMapper.insert-Inline
### The error occurred while setting parameters
### SQL: INSERT INTO user_file  ( user_id, file_path, file_name )  VALUES  ( ?, ?, ? )
### Cause: java.sql.SQLIntegrityConstraintViolationException: Duplicate entry '15-042d723b8544d9b523672031d8d51aa0-Demo.java' for key 'PRIMARY'
; Duplicate entry '15-042d723b8544d9b523672031d8d51aa0-Demo.java' for key 'PRIMARY'; nested exception is java.sql.SQLIntegrityConstraintViolationException: Duplicate entry '15-042d723b8544d9b523672031d8d51aa0-Demo.java' for key 'PRIMARY']
2021-05-26 16:37:34  WARN 10624 --- [restartedMain] c.b.m.core.metadata.TableInfoHelper      : Can not find table primary key in Class: "com.example.demo.framework.media.entity.UserFileDO".
2021-05-26 16:38:40  WARN 10624 --- [http-nio-8000-exec-3] .m.m.a.ExceptionHandlerExceptionResolver : Resolved [org.springframework.dao.DuplicateKeyException: 
### Error updating database.  Cause: java.sql.SQLIntegrityConstraintViolationException: Duplicate entry '15-042d723b8544d9b523672031d8d51aa0-Demo.java' for key 'PRIMARY'
### The error may exist in com/example/demo/framework/media/mapper/UserFileMapper.java (best guess)
### The error may involve com.example.demo.framework.media.mapper.UserFileMapper.insert-Inline
### The error occurred while setting parameters
### SQL: INSERT INTO user_file  ( user_id, file_path, file_name )  VALUES  ( ?, ?, ? )
### Cause: java.sql.SQLIntegrityConstraintViolationException: Duplicate entry '15-042d723b8544d9b523672031d8d51aa0-Demo.java' for key 'PRIMARY'
; Duplicate entry '15-042d723b8544d9b523672031d8d51aa0-Demo.java' for key 'PRIMARY'; nested exception is java.sql.SQLIntegrityConstraintViolationException: Duplicate entry '15-042d723b8544d9b523672031d8d51aa0-Demo.java' for key 'PRIMARY']
2021-05-26 16:43:32  WARN 11968 --- [restartedMain] c.b.m.core.metadata.TableInfoHelper      : Can not find table primary key in Class: "com.example.demo.framework.media.entity.UserFileDO".
2021-05-26 16:43:52  WARN 11968 --- [http-nio-8000-exec-1] .m.m.a.ExceptionHandlerExceptionResolver : Resolved [org.springframework.dao.DuplicateKeyException: 
### Error updating database.  Cause: java.sql.SQLIntegrityConstraintViolationException: Duplicate entry '15-042d723b8544d9b523672031d8d51aa0-Demo.java' for key 'PRIMARY'
### The error may exist in com/example/demo/framework/media/mapper/UserFileMapper.java (best guess)
### The error may involve com.example.demo.framework.media.mapper.UserFileMapper.insert-Inline
### The error occurred while setting parameters
### SQL: INSERT INTO user_file  ( user_id, file_path, file_name )  VALUES  ( ?, ?, ? )
### Cause: java.sql.SQLIntegrityConstraintViolationException: Duplicate entry '15-042d723b8544d9b523672031d8d51aa0-Demo.java' for key 'PRIMARY'
; Duplicate entry '15-042d723b8544d9b523672031d8d51aa0-Demo.java' for key 'PRIMARY'; nested exception is java.sql.SQLIntegrityConstraintViolationException: Duplicate entry '15-042d723b8544d9b523672031d8d51aa0-Demo.java' for key 'PRIMARY']
2021-05-26 16:44:32  WARN 11968 --- [http-nio-8000-exec-3] .m.m.a.ExceptionHandlerExceptionResolver : Resolved [com.auth0.jwt.exceptions.TokenExpiredException: The Token has expired on Wed May 26 10:40:02 CST 2021.]
2021-05-26 16:45:44  WARN 12160 --- [restartedMain] c.b.m.core.metadata.TableInfoHelper      : Can not find table primary key in Class: "com.example.demo.framework.media.entity.UserFileDO".
2021-05-26 16:45:47  WARN 12160 --- [http-nio-8000-exec-1] .m.m.a.ExceptionHandlerExceptionResolver : Resolved [com.auth0.jwt.exceptions.TokenExpiredException: The Token has expired on Wed May 26 10:40:02 CST 2021.]
2021-05-26 16:46:18  WARN 12160 --- [http-nio-8000-exec-3] .m.m.a.ExceptionHandlerExceptionResolver : Resolved [com.example.demo.exception.UserException: 没有此文件]
2021-05-26 16:46:22  WARN 12160 --- [http-nio-8000-exec-4] .m.m.a.ExceptionHandlerExceptionResolver : Resolved [com.auth0.jwt.exceptions.TokenExpiredException: The Token has expired on Wed May 26 10:40:02 CST 2021.]
2021-05-26 16:46:56 ERROR 12160 --- [http-nio-8000-exec-6] o.a.c.c.C.[.[.[/].[dispatcherServlet]    : Servlet.service() for servlet [dispatcherServlet] in context with path [] threw exception

java.io.FileNotFoundException: null
	at com.example.demo.framework.media.service.impl.WebFileServiceImpl.download(WebFileServiceImpl.java:75) ~[classes/:na]
	at com.example.demo.modules.controller.UserController.downloadFile(UserController.java:143) ~[classes/:na]
	at java.base/jdk.internal.reflect.NativeMethodAccessorImpl.invoke0(Native Method) ~[na:na]
	at java.base/jdk.internal.reflect.NativeMethodAccessorImpl.invoke(NativeMethodAccessorImpl.java:62) ~[na:na]
	at java.base/jdk.internal.reflect.DelegatingMethodAccessorImpl.invoke(DelegatingMethodAccessorImpl.java:43) ~[na:na]
	at java.base/java.lang.reflect.Method.invoke(Method.java:566) ~[na:na]
	at org.springframework.web.method.support.InvocableHandlerMethod.doInvoke(InvocableHandlerMethod.java:197) ~[spring-web-5.3.6.jar:5.3.6]
	at org.springframework.web.method.support.InvocableHandlerMethod.invokeForRequest(InvocableHandlerMethod.java:141) ~[spring-web-5.3.6.jar:5.3.6]
	at org.springframework.web.servlet.mvc.method.annotation.ServletInvocableHandlerMethod.invokeAndHandle(ServletInvocableHandlerMethod.java:106) ~[spring-webmvc-5.3.6.jar:5.3.6]
	at org.springframework.web.servlet.mvc.method.annotation.RequestMappingHandlerAdapter.invokeHandlerMethod(RequestMappingHandlerAdapter.java:894) ~[spring-webmvc-5.3.6.jar:5.3.6]
	at org.springframework.web.servlet.mvc.method.annotation.RequestMappingHandlerAdapter.handleInternal(RequestMappingHandlerAdapter.java:808) ~[spring-webmvc-5.3.6.jar:5.3.6]
	at org.springframework.web.servlet.mvc.method.AbstractHandlerMethodAdapter.handle(AbstractHandlerMethodAdapter.java:87) ~[spring-webmvc-5.3.6.jar:5.3.6]
	at org.springframework.web.servlet.DispatcherServlet.doDispatch(DispatcherServlet.java:1060) ~[spring-webmvc-5.3.6.jar:5.3.6]
	at org.springframework.web.servlet.DispatcherServlet.doService(DispatcherServlet.java:962) ~[spring-webmvc-5.3.6.jar:5.3.6]
	at org.springframework.web.servlet.FrameworkServlet.processRequest(FrameworkServlet.java:1006) ~[spring-webmvc-5.3.6.jar:5.3.6]
	at org.springframework.web.servlet.FrameworkServlet.doGet(FrameworkServlet.java:898) ~[spring-webmvc-5.3.6.jar:5.3.6]
	at javax.servlet.http.HttpServlet.service(HttpServlet.java:626) ~[tomcat-embed-core-9.0.45.jar:4.0.FR]
	at org.springframework.web.servlet.FrameworkServlet.service(FrameworkServlet.java:883) ~[spring-webmvc-5.3.6.jar:5.3.6]
	at javax.servlet.http.HttpServlet.service(HttpServlet.java:733) ~[tomcat-embed-core-9.0.45.jar:4.0.FR]
	at org.apache.catalina.core.ApplicationFilterChain.internalDoFilter(ApplicationFilterChain.java:227) ~[tomcat-embed-core-9.0.45.jar:9.0.45]
	at org.apache.catalina.core.ApplicationFilterChain.doFilter(ApplicationFilterChain.java:162) ~[tomcat-embed-core-9.0.45.jar:9.0.45]
	at org.apache.tomcat.websocket.server.WsFilter.doFilter(WsFilter.java:53) ~[tomcat-embed-websocket-9.0.45.jar:9.0.45]
	at org.apache.catalina.core.ApplicationFilterChain.internalDoFilter(ApplicationFilterChain.java:189) ~[tomcat-embed-core-9.0.45.jar:9.0.45]
	at org.apache.catalina.core.ApplicationFilterChain.doFilter(ApplicationFilterChain.java:162) ~[tomcat-embed-core-9.0.45.jar:9.0.45]
	at org.springframework.web.filter.RequestContextFilter.doFilterInternal(RequestContextFilter.java:100) ~[spring-web-5.3.6.jar:5.3.6]
	at org.springframework.web.filter.OncePerRequestFilter.doFilter(OncePerRequestFilter.java:119) ~[spring-web-5.3.6.jar:5.3.6]
	at org.apache.catalina.core.ApplicationFilterChain.internalDoFilter(ApplicationFilterChain.java:189) ~[tomcat-embed-core-9.0.45.jar:9.0.45]
	at org.apache.catalina.core.ApplicationFilterChain.doFilter(ApplicationFilterChain.java:162) ~[tomcat-embed-core-9.0.45.jar:9.0.45]
	at org.springframework.web.filter.FormContentFilter.doFilterInternal(FormContentFilter.java:93) ~[spring-web-5.3.6.jar:5.3.6]
	at org.springframework.web.filter.OncePerRequestFilter.doFilter(OncePerRequestFilter.java:119) ~[spring-web-5.3.6.jar:5.3.6]
	at org.apache.catalina.core.ApplicationFilterChain.internalDoFilter(ApplicationFilterChain.java:189) ~[tomcat-embed-core-9.0.45.jar:9.0.45]
	at org.apache.catalina.core.ApplicationFilterChain.doFilter(ApplicationFilterChain.java:162) ~[tomcat-embed-core-9.0.45.jar:9.0.45]
	at org.springframework.web.filter.CharacterEncodingFilter.doFilterInternal(CharacterEncodingFilter.java:201) ~[spring-web-5.3.6.jar:5.3.6]
	at org.springframework.web.filter.OncePerRequestFilter.doFilter(OncePerRequestFilter.java:119) ~[spring-web-5.3.6.jar:5.3.6]
	at org.apache.catalina.core.ApplicationFilterChain.internalDoFilter(ApplicationFilterChain.java:189) ~[tomcat-embed-core-9.0.45.jar:9.0.45]
	at org.apache.catalina.core.ApplicationFilterChain.doFilter(ApplicationFilterChain.java:162) ~[tomcat-embed-core-9.0.45.jar:9.0.45]
	at org.apache.catalina.core.StandardWrapperValve.invoke(StandardWrapperValve.java:202) ~[tomcat-embed-core-9.0.45.jar:9.0.45]
	at org.apache.catalina.core.StandardContextValve.invoke(StandardContextValve.java:97) ~[tomcat-embed-core-9.0.45.jar:9.0.45]
	at org.apache.catalina.authenticator.AuthenticatorBase.invoke(AuthenticatorBase.java:542) ~[tomcat-embed-core-9.0.45.jar:9.0.45]
	at org.apache.catalina.core.StandardHostValve.invoke(StandardHostValve.java:143) ~[tomcat-embed-core-9.0.45.jar:9.0.45]
	at org.apache.catalina.valves.ErrorReportValve.invoke(ErrorReportValve.java:92) ~[tomcat-embed-core-9.0.45.jar:9.0.45]
	at org.apache.catalina.core.StandardEngineValve.invoke(StandardEngineValve.java:78) ~[tomcat-embed-core-9.0.45.jar:9.0.45]
	at org.apache.catalina.connector.CoyoteAdapter.service(CoyoteAdapter.java:357) ~[tomcat-embed-core-9.0.45.jar:9.0.45]
	at org.apache.coyote.http11.Http11Processor.service(Http11Processor.java:374) ~[tomcat-embed-core-9.0.45.jar:9.0.45]
	at org.apache.coyote.AbstractProcessorLight.process(AbstractProcessorLight.java:65) ~[tomcat-embed-core-9.0.45.jar:9.0.45]
	at org.apache.coyote.AbstractProtocol$ConnectionHandler.process(AbstractProtocol.java:893) ~[tomcat-embed-core-9.0.45.jar:9.0.45]
	at org.apache.tomcat.util.net.NioEndpoint$SocketProcessor.doRun(NioEndpoint.java:1707) ~[tomcat-embed-core-9.0.45.jar:9.0.45]
	at org.apache.tomcat.util.net.SocketProcessorBase.run(SocketProcessorBase.java:49) ~[tomcat-embed-core-9.0.45.jar:9.0.45]
	at java.base/java.util.concurrent.ThreadPoolExecutor.runWorker(ThreadPoolExecutor.java:1128) ~[na:na]
	at java.base/java.util.concurrent.ThreadPoolExecutor$Worker.run(ThreadPoolExecutor.java:628) ~[na:na]
	at org.apache.tomcat.util.threads.TaskThread$WrappingRunnable.run(TaskThread.java:61) ~[tomcat-embed-core-9.0.45.jar:9.0.45]
	at java.base/java.lang.Thread.run(Thread.java:834) ~[na:na]

2021-05-26 16:47:52  WARN 10428 --- [restartedMain] c.b.m.core.metadata.TableInfoHelper      : Can not find table primary key in Class: "com.example.demo.framework.media.entity.UserFileDO".
